[1.170s] DEBUG:colcon:Command line arguments: ['/usr/bin/colcon', 'build']
[1.170s] DEBUG:colcon:Parsed command line arguments: Namespace(allow_overriding=[], ament_cmake_args=None, base_paths=['.'], build_base='build', catkin_cmake_args=None, catkin_skip_building_tests=False, cmake_args=None, cmake_clean_cache=False, cmake_clean_first=False, cmake_force_configure=False, cmake_target=None, cmake_target_skip_unavailable=False, continue_on_error=False, event_handlers=None, executor='parallel', ignore_user_meta=False, install_base='install', log_base=None, log_level=None, main=<bound method BuildVerb.main of <colcon_core.verb.build.BuildVerb object at 0xffffba434fd0>>, merge_install=False, metas=['./colcon.meta'], mixin=None, mixin_files=None, mixin_verb=('build',), packages_above=None, packages_above_and_dependencies=None, packages_above_depth=None, packages_end=None, packages_ignore=None, packages_ignore_regex=None, packages_select=None, packages_select_build_failed=False, packages_select_by_dep=None, packages_select_regex=None, packages_select_test_failures=False, packages_skip=None, packages_skip_build_finished=False, packages_skip_by_dep=None, packages_skip_regex=None, packages_skip_test_passed=False, packages_skip_up_to=None, packages_start=None, packages_up_to=None, packages_up_to_regex=None, parallel_workers=4, paths=None, symlink_install=False, test_result_base=None, verb_extension=<colcon_core.verb.build.BuildVerb object at 0xffffba434fd0>, verb_name='build', verb_parser=<colcon_mixin.mixin.mixin_argument.MixinArgumentDecorator object at 0xffffba38f5e0>)
[2.000s] Level 1:colcon.colcon_core.package_discovery:discover_packages(colcon_meta) check parameters
[2.000s] Level 1:colcon.colcon_core.package_discovery:discover_packages(recursive) check parameters
[2.001s] Level 1:colcon.colcon_core.package_discovery:discover_packages(ignore) check parameters
[2.001s] Level 1:colcon.colcon_core.package_discovery:discover_packages(path) check parameters
[2.001s] Level 1:colcon.colcon_core.package_discovery:discover_packages(colcon_meta) discover
[2.001s] Level 1:colcon.colcon_core.package_discovery:discover_packages(recursive) discover
[2.001s] INFO:colcon.colcon_core.package_discovery:Crawling recursively for packages in '/home/ubuntu/robot_ws/src/ball_tracker'
[2.002s] Level 1:colcon.colcon_core.package_identification:_identify(.) by extensions ['ignore', 'ignore_ament_install']
[2.003s] Level 1:colcon.colcon_core.package_identification:_identify(.) by extension 'ignore'
[2.003s] Level 1:colcon.colcon_core.package_identification:_identify(.) by extension 'ignore_ament_install'
[2.004s] Level 1:colcon.colcon_core.package_identification:_identify(.) by extensions ['colcon_pkg']
[2.004s] Level 1:colcon.colcon_core.package_identification:_identify(.) by extension 'colcon_pkg'
[2.004s] Level 1:colcon.colcon_core.package_identification:_identify(.) by extensions ['colcon_meta']
[2.004s] Level 1:colcon.colcon_core.package_identification:_identify(.) by extension 'colcon_meta'
[2.005s] Level 1:colcon.colcon_core.package_identification:_identify(.) by extensions ['ros']
[2.005s] Level 1:colcon.colcon_core.package_identification:_identify(.) by extension 'ros'
[2.064s] DEBUG:colcon.colcon_core.package_identification:Package '.' with type 'ros.ament_python' and name 'ball_tracker'
[2.065s] Level 1:colcon.colcon_core.package_discovery:discover_packages(recursive) using defaults
[2.065s] Level 1:colcon.colcon_core.package_discovery:discover_packages(ignore) discover
[2.065s] Level 1:colcon.colcon_core.package_discovery:discover_packages(ignore) using defaults
[2.066s] Level 1:colcon.colcon_core.package_discovery:discover_packages(path) discover
[2.066s] Level 1:colcon.colcon_core.package_discovery:discover_packages(path) using defaults
[2.169s] Level 1:colcon.colcon_core.package_discovery:discover_packages(prefix_path) check parameters
[2.169s] Level 1:colcon.colcon_core.package_discovery:discover_packages(prefix_path) discover
[2.188s] DEBUG:colcon.colcon_installed_package_information.package_discovery:Found 7 installed packages in /home/ubuntu/robot_ws/install
[2.191s] DEBUG:colcon.colcon_installed_package_information.package_discovery:Found 1 installed packages in /home/ubuntu/ros2_ws/install
[2.201s] DEBUG:colcon.colcon_installed_package_information.package_discovery:Found 330 installed packages in /opt/ros/foxy
[2.249s] Level 1:colcon.colcon_core.package_discovery:discover_packages(prefix_path) using defaults
[2.750s] Level 5:colcon.colcon_core.verb:set package 'ball_tracker' build argument 'cmake_args' from command line to 'None'
[2.750s] Level 5:colcon.colcon_core.verb:set package 'ball_tracker' build argument 'cmake_target' from command line to 'None'
[2.751s] Level 5:colcon.colcon_core.verb:set package 'ball_tracker' build argument 'cmake_target_skip_unavailable' from command line to 'False'
[2.751s] Level 5:colcon.colcon_core.verb:set package 'ball_tracker' build argument 'cmake_clean_cache' from command line to 'False'
[2.751s] Level 5:colcon.colcon_core.verb:set package 'ball_tracker' build argument 'cmake_clean_first' from command line to 'False'
[2.751s] Level 5:colcon.colcon_core.verb:set package 'ball_tracker' build argument 'cmake_force_configure' from command line to 'False'
[2.751s] Level 5:colcon.colcon_core.verb:set package 'ball_tracker' build argument 'ament_cmake_args' from command line to 'None'
[2.751s] Level 5:colcon.colcon_core.verb:set package 'ball_tracker' build argument 'catkin_cmake_args' from command line to 'None'
[2.751s] Level 5:colcon.colcon_core.verb:set package 'ball_tracker' build argument 'catkin_skip_building_tests' from command line to 'False'
[2.751s] DEBUG:colcon.colcon_core.verb:Building package 'ball_tracker' with the following arguments: {'ament_cmake_args': None, 'build_base': '/home/ubuntu/robot_ws/src/ball_tracker/build/ball_tracker', 'catkin_cmake_args': None, 'catkin_skip_building_tests': False, 'cmake_args': None, 'cmake_clean_cache': False, 'cmake_clean_first': False, 'cmake_force_configure': False, 'cmake_target': None, 'cmake_target_skip_unavailable': False, 'install_base': '/home/ubuntu/robot_ws/src/ball_tracker/install/ball_tracker', 'merge_install': False, 'path': '/home/ubuntu/robot_ws/src/ball_tracker', 'symlink_install': False, 'test_result_base': None}
[2.752s] INFO:colcon.colcon_core.executor:Executing jobs using 'parallel' executor
[2.757s] DEBUG:colcon.colcon_parallel_executor.executor.parallel:run_until_complete
[2.758s] INFO:colcon.colcon_ros.task.ament_python.build:Building ROS package in '/home/ubuntu/robot_ws/src/ball_tracker' with build type 'ament_python'
[2.759s] Level 1:colcon.colcon_core.shell:create_environment_hook('ball_tracker', 'ament_prefix_path')
[2.787s] INFO:colcon.colcon_core.plugin_system:Skipping extension 'colcon_core.shell.bat': Not used on non-Windows systems
[2.790s] INFO:colcon.colcon_core.shell:Creating environment hook '/home/ubuntu/robot_ws/src/ball_tracker/install/ball_tracker/share/ball_tracker/hook/ament_prefix_path.ps1'
[2.796s] INFO:colcon.colcon_core.shell:Creating environment descriptor '/home/ubuntu/robot_ws/src/ball_tracker/install/ball_tracker/share/ball_tracker/hook/ament_prefix_path.dsv'
[2.800s] INFO:colcon.colcon_core.shell:Creating environment hook '/home/ubuntu/robot_ws/src/ball_tracker/install/ball_tracker/share/ball_tracker/hook/ament_prefix_path.sh'
[2.807s] INFO:colcon.colcon_core.shell:Skip shell extension 'powershell' for command environment: Not usable outside of PowerShell
[2.807s] DEBUG:colcon.colcon_core.shell:Skip shell extension 'dsv' for command environment
[3.954s] INFO:colcon.colcon_core.task.python.build:Building Python package in '/home/ubuntu/robot_ws/src/ball_tracker'
[3.957s] INFO:colcon.colcon_core.shell:Skip shell extension 'powershell' for command environment: Not usable outside of PowerShell
[3.958s] DEBUG:colcon.colcon_core.shell:Skip shell extension 'dsv' for command environment
[6.104s] DEBUG:colcon.colcon_core.event_handler.log_command:Invoking command in '/home/ubuntu/robot_ws/src/ball_tracker': PYTHONPATH=/home/ubuntu/robot_ws/src/ball_tracker/build/ball_tracker/prefix_override:/usr/lib/python3/dist-packages/colcon_core/task/python/colcon_distutils_commands:/home/ubuntu/robot_ws/src/ball_tracker/install/ball_tracker/lib/python3.8/site-packages:${PYTHONPATH} /usr/bin/python3 -W ignore:setup.py install is deprecated -W ignore:easy_install command is deprecated setup.py egg_info --egg-base build/ball_tracker build --build-base /home/ubuntu/robot_ws/src/ball_tracker/build/ball_tracker/build install --record /home/ubuntu/robot_ws/src/ball_tracker/build/ball_tracker/install.log --install-scripts $base/lib/ball_tracker --single-version-externally-managed install_data
[7.534s] DEBUG:colcon.colcon_core.event_handler.log_command:Invoked command in '/home/ubuntu/robot_ws/src/ball_tracker' returned '0': PYTHONPATH=/home/ubuntu/robot_ws/src/ball_tracker/build/ball_tracker/prefix_override:/usr/lib/python3/dist-packages/colcon_core/task/python/colcon_distutils_commands:/home/ubuntu/robot_ws/src/ball_tracker/install/ball_tracker/lib/python3.8/site-packages:${PYTHONPATH} /usr/bin/python3 -W ignore:setup.py install is deprecated -W ignore:easy_install command is deprecated setup.py egg_info --egg-base build/ball_tracker build --build-base /home/ubuntu/robot_ws/src/ball_tracker/build/ball_tracker/build install --record /home/ubuntu/robot_ws/src/ball_tracker/build/ball_tracker/install.log --install-scripts $base/lib/ball_tracker --single-version-externally-managed install_data
[7.565s] Level 1:colcon.colcon_core.environment:checking '/home/ubuntu/robot_ws/src/ball_tracker/install/ball_tracker' for CMake module files
[7.567s] Level 1:colcon.colcon_core.environment:checking '/home/ubuntu/robot_ws/src/ball_tracker/install/ball_tracker' for CMake config files
[7.572s] Level 1:colcon.colcon_core.environment:checking '/home/ubuntu/robot_ws/src/ball_tracker/install/ball_tracker/lib'
[7.572s] Level 1:colcon.colcon_core.environment:checking '/home/ubuntu/robot_ws/src/ball_tracker/install/ball_tracker/bin'
[7.573s] Level 1:colcon.colcon_core.environment:checking '/home/ubuntu/robot_ws/src/ball_tracker/install/ball_tracker/lib/pkgconfig/ball_tracker.pc'
[7.574s] Level 1:colcon.colcon_core.environment:checking '/home/ubuntu/robot_ws/src/ball_tracker/install/ball_tracker/lib/python3.8/site-packages'
[7.574s] Level 1:colcon.colcon_core.shell:create_environment_hook('ball_tracker', 'pythonpath')
[7.575s] INFO:colcon.colcon_core.shell:Creating environment hook '/home/ubuntu/robot_ws/src/ball_tracker/install/ball_tracker/share/ball_tracker/hook/pythonpath.ps1'
[7.577s] INFO:colcon.colcon_core.shell:Creating environment descriptor '/home/ubuntu/robot_ws/src/ball_tracker/install/ball_tracker/share/ball_tracker/hook/pythonpath.dsv'
[7.579s] INFO:colcon.colcon_core.shell:Creating environment hook '/home/ubuntu/robot_ws/src/ball_tracker/install/ball_tracker/share/ball_tracker/hook/pythonpath.sh'
[7.581s] Level 1:colcon.colcon_core.environment:checking '/home/ubuntu/robot_ws/src/ball_tracker/install/ball_tracker/bin'
[7.582s] Level 1:colcon.colcon_core.environment:create_environment_scripts_only(ball_tracker)
[7.583s] INFO:colcon.colcon_core.shell:Creating package script '/home/ubuntu/robot_ws/src/ball_tracker/install/ball_tracker/share/ball_tracker/package.ps1'
[7.588s] INFO:colcon.colcon_core.shell:Creating package descriptor '/home/ubuntu/robot_ws/src/ball_tracker/install/ball_tracker/share/ball_tracker/package.dsv'
[7.593s] INFO:colcon.colcon_core.shell:Creating package script '/home/ubuntu/robot_ws/src/ball_tracker/install/ball_tracker/share/ball_tracker/package.sh'
[7.598s] INFO:colcon.colcon_core.shell:Creating package script '/home/ubuntu/robot_ws/src/ball_tracker/install/ball_tracker/share/ball_tracker/package.bash'
[7.604s] INFO:colcon.colcon_core.shell:Creating package script '/home/ubuntu/robot_ws/src/ball_tracker/install/ball_tracker/share/ball_tracker/package.zsh'
[7.609s] Level 1:colcon.colcon_core.environment:create_file_with_runtime_dependencies(/home/ubuntu/robot_ws/src/ball_tracker/install/ball_tracker/share/colcon-core/packages/ball_tracker)
[7.614s] DEBUG:colcon.colcon_parallel_executor.executor.parallel:closing loop
[7.615s] DEBUG:colcon.colcon_parallel_executor.executor.parallel:loop closed
[7.616s] DEBUG:colcon.colcon_parallel_executor.executor.parallel:run_until_complete finished with '0'
[7.616s] DEBUG:colcon.colcon_core.event_reactor:joining thread
[7.649s] INFO:colcon.colcon_core.plugin_system:Skipping extension 'colcon_notification.desktop_notification.terminal_notifier': Not used on non-Darwin systems
[7.650s] INFO:colcon.colcon_core.plugin_system:Skipping extension 'colcon_notification.desktop_notification.win32': Not used on non-Windows systems
[7.651s] INFO:colcon.colcon_notification.desktop_notification:Sending desktop notification using 'notify2'
[7.738s] DEBUG:colcon.colcon_core.event_reactor:joined thread
[7.739s] INFO:colcon.colcon_core.shell:Creating prefix script '/home/ubuntu/robot_ws/src/ball_tracker/install/local_setup.ps1'
[7.745s] INFO:colcon.colcon_core.shell:Creating prefix util module '/home/ubuntu/robot_ws/src/ball_tracker/install/_local_setup_util_ps1.py'
[7.755s] INFO:colcon.colcon_core.shell:Creating prefix chain script '/home/ubuntu/robot_ws/src/ball_tracker/install/setup.ps1'
[7.766s] INFO:colcon.colcon_core.shell:Creating prefix script '/home/ubuntu/robot_ws/src/ball_tracker/install/local_setup.sh'
[7.771s] INFO:colcon.colcon_core.shell:Creating prefix util module '/home/ubuntu/robot_ws/src/ball_tracker/install/_local_setup_util_sh.py'
[7.774s] INFO:colcon.colcon_core.shell:Creating prefix chain script '/home/ubuntu/robot_ws/src/ball_tracker/install/setup.sh'
[7.783s] INFO:colcon.colcon_core.shell:Creating prefix script '/home/ubuntu/robot_ws/src/ball_tracker/install/local_setup.bash'
[7.787s] INFO:colcon.colcon_core.shell:Creating prefix chain script '/home/ubuntu/robot_ws/src/ball_tracker/install/setup.bash'
[7.796s] INFO:colcon.colcon_core.shell:Creating prefix script '/home/ubuntu/robot_ws/src/ball_tracker/install/local_setup.zsh'
[7.800s] INFO:colcon.colcon_core.shell:Creating prefix chain script '/home/ubuntu/robot_ws/src/ball_tracker/install/setup.zsh'
