/home/ubuntu/robot_ws/src/ball_tracker/install/ball_tracker/lib/python3.8/site-packages/ball_tracker/detect_ball_3d.py
/home/ubuntu/robot_ws/src/ball_tracker/install/ball_tracker/lib/python3.8/site-packages/ball_tracker/detect_ball.py
/home/ubuntu/robot_ws/src/ball_tracker/install/ball_tracker/lib/python3.8/site-packages/ball_tracker/process_image.py
/home/ubuntu/robot_ws/src/ball_tracker/install/ball_tracker/lib/python3.8/site-packages/ball_tracker/follow_ball.py
/home/ubuntu/robot_ws/src/ball_tracker/install/ball_tracker/lib/python3.8/site-packages/ball_tracker/__init__.py
/home/ubuntu/robot_ws/src/ball_tracker/install/ball_tracker/lib/python3.8/site-packages/ball_tracker/__pycache__/detect_ball_3d.cpython-38.pyc
/home/ubuntu/robot_ws/src/ball_tracker/install/ball_tracker/lib/python3.8/site-packages/ball_tracker/__pycache__/detect_ball.cpython-38.pyc
/home/ubuntu/robot_ws/src/ball_tracker/install/ball_tracker/lib/python3.8/site-packages/ball_tracker/__pycache__/process_image.cpython-38.pyc
/home/ubuntu/robot_ws/src/ball_tracker/install/ball_tracker/lib/python3.8/site-packages/ball_tracker/__pycache__/follow_ball.cpython-38.pyc
/home/ubuntu/robot_ws/src/ball_tracker/install/ball_tracker/lib/python3.8/site-packages/ball_tracker/__pycache__/__init__.cpython-38.pyc
/home/ubuntu/robot_ws/src/ball_tracker/install/ball_tracker/share/ament_index/resource_index/packages/ball_tracker
/home/ubuntu/robot_ws/src/ball_tracker/install/ball_tracker/share/ball_tracker/package.xml
/home/ubuntu/robot_ws/src/ball_tracker/install/ball_tracker/share/ball_tracker/launch/example_launch_include.launch.py
/home/ubuntu/robot_ws/src/ball_tracker/install/ball_tracker/share/ball_tracker/launch/ball_tracker.launch.py
/home/ubuntu/robot_ws/src/ball_tracker/install/ball_tracker/share/ball_tracker/config/ball_tracker_params_example.yaml
/home/ubuntu/robot_ws/src/ball_tracker/install/ball_tracker/lib/python3.8/site-packages/ball_tracker-0.0.0-py3.8.egg-info/zip-safe
/home/ubuntu/robot_ws/src/ball_tracker/install/ball_tracker/lib/python3.8/site-packages/ball_tracker-0.0.0-py3.8.egg-info/PKG-INFO
/home/ubuntu/robot_ws/src/ball_tracker/install/ball_tracker/lib/python3.8/site-packages/ball_tracker-0.0.0-py3.8.egg-info/dependency_links.txt
/home/ubuntu/robot_ws/src/ball_tracker/install/ball_tracker/lib/python3.8/site-packages/ball_tracker-0.0.0-py3.8.egg-info/requires.txt
/home/ubuntu/robot_ws/src/ball_tracker/install/ball_tracker/lib/python3.8/site-packages/ball_tracker-0.0.0-py3.8.egg-info/SOURCES.txt
/home/ubuntu/robot_ws/src/ball_tracker/install/ball_tracker/lib/python3.8/site-packages/ball_tracker-0.0.0-py3.8.egg-info/top_level.txt
/home/ubuntu/robot_ws/src/ball_tracker/install/ball_tracker/lib/python3.8/site-packages/ball_tracker-0.0.0-py3.8.egg-info/entry_points.txt
/home/ubuntu/robot_ws/src/ball_tracker/install/ball_tracker/lib/ball_tracker/detect_ball
/home/ubuntu/robot_ws/src/ball_tracker/install/ball_tracker/lib/ball_tracker/detect_ball_3d
/home/ubuntu/robot_ws/src/ball_tracker/install/ball_tracker/lib/ball_tracker/follow_ball
