[0.875s] DEBUG:colcon:Command line arguments: ['/usr/bin/colcon', 'build', '--symlink-install']
[0.875s] DEBUG:colcon:Parsed command line arguments: Namespace(allow_overriding=[], ament_cmake_args=None, base_paths=['.'], build_base='build', catkin_cmake_args=None, catkin_skip_building_tests=False, cmake_args=None, cmake_clean_cache=False, cmake_clean_first=False, cmake_force_configure=False, cmake_target=None, cmake_target_skip_unavailable=False, continue_on_error=False, event_handlers=None, executor='parallel', ignore_user_meta=False, install_base='install', log_base=None, log_level=None, main=<bound method BuildVerb.main of <colcon_core.verb.build.BuildVerb object at 0xffff93c69fd0>>, merge_install=False, metas=['./colcon.meta'], mixin=None, mixin_files=None, mixin_verb=('build',), packages_above=None, packages_above_and_dependencies=None, packages_above_depth=None, packages_end=None, packages_ignore=None, packages_ignore_regex=None, packages_select=None, packages_select_build_failed=False, packages_select_by_dep=None, packages_select_regex=None, packages_select_test_failures=False, packages_skip=None, packages_skip_build_finished=False, packages_skip_by_dep=None, packages_skip_regex=None, packages_skip_test_passed=False, packages_skip_up_to=None, packages_start=None, packages_up_to=None, packages_up_to_regex=None, parallel_workers=4, paths=None, symlink_install=True, test_result_base=None, verb_extension=<colcon_core.verb.build.BuildVerb object at 0xffff93c69fd0>, verb_name='build', verb_parser=<colcon_mixin.mixin.mixin_argument.MixinArgumentDecorator object at 0xffff93bc35e0>)
[1.609s] Level 1:colcon.colcon_core.package_discovery:discover_packages(colcon_meta) check parameters
[1.610s] Level 1:colcon.colcon_core.package_discovery:discover_packages(recursive) check parameters
[1.610s] Level 1:colcon.colcon_core.package_discovery:discover_packages(ignore) check parameters
[1.610s] Level 1:colcon.colcon_core.package_discovery:discover_packages(path) check parameters
[1.610s] Level 1:colcon.colcon_core.package_discovery:discover_packages(colcon_meta) discover
[1.611s] Level 1:colcon.colcon_core.package_discovery:discover_packages(recursive) discover
[1.611s] INFO:colcon.colcon_core.package_discovery:Crawling recursively for packages in '/home/ubuntu/robot_ws/src/ball_tracker'
[1.612s] Level 1:colcon.colcon_core.package_identification:_identify(.) by extensions ['ignore', 'ignore_ament_install']
[1.612s] Level 1:colcon.colcon_core.package_identification:_identify(.) by extension 'ignore'
[1.612s] Level 1:colcon.colcon_core.package_identification:_identify(.) by extension 'ignore_ament_install'
[1.613s] Level 1:colcon.colcon_core.package_identification:_identify(.) by extensions ['colcon_pkg']
[1.613s] Level 1:colcon.colcon_core.package_identification:_identify(.) by extension 'colcon_pkg'
[1.613s] Level 1:colcon.colcon_core.package_identification:_identify(.) by extensions ['colcon_meta']
[1.613s] Level 1:colcon.colcon_core.package_identification:_identify(.) by extension 'colcon_meta'
[1.613s] Level 1:colcon.colcon_core.package_identification:_identify(.) by extensions ['ros']
[1.613s] Level 1:colcon.colcon_core.package_identification:_identify(.) by extension 'ros'
[1.667s] DEBUG:colcon.colcon_core.package_identification:Package '.' with type 'ros.ament_python' and name 'ball_tracker'
[1.667s] Level 1:colcon.colcon_core.package_discovery:discover_packages(recursive) using defaults
[1.667s] Level 1:colcon.colcon_core.package_discovery:discover_packages(ignore) discover
[1.668s] Level 1:colcon.colcon_core.package_discovery:discover_packages(ignore) using defaults
[1.668s] Level 1:colcon.colcon_core.package_discovery:discover_packages(path) discover
[1.668s] Level 1:colcon.colcon_core.package_discovery:discover_packages(path) using defaults
[1.736s] Level 1:colcon.colcon_core.package_discovery:discover_packages(prefix_path) check parameters
[1.736s] Level 1:colcon.colcon_core.package_discovery:discover_packages(prefix_path) discover
[1.746s] DEBUG:colcon.colcon_installed_package_information.package_discovery:Found 7 installed packages in /home/ubuntu/robot_ws/install
[1.749s] DEBUG:colcon.colcon_installed_package_information.package_discovery:Found 1 installed packages in /home/ubuntu/ros2_ws/install
[1.758s] DEBUG:colcon.colcon_installed_package_information.package_discovery:Found 330 installed packages in /opt/ros/foxy
[1.805s] Level 1:colcon.colcon_core.package_discovery:discover_packages(prefix_path) using defaults
[2.200s] Level 5:colcon.colcon_core.verb:set package 'ball_tracker' build argument 'cmake_args' from command line to 'None'
[2.200s] Level 5:colcon.colcon_core.verb:set package 'ball_tracker' build argument 'cmake_target' from command line to 'None'
[2.200s] Level 5:colcon.colcon_core.verb:set package 'ball_tracker' build argument 'cmake_target_skip_unavailable' from command line to 'False'
[2.201s] Level 5:colcon.colcon_core.verb:set package 'ball_tracker' build argument 'cmake_clean_cache' from command line to 'False'
[2.201s] Level 5:colcon.colcon_core.verb:set package 'ball_tracker' build argument 'cmake_clean_first' from command line to 'False'
[2.201s] Level 5:colcon.colcon_core.verb:set package 'ball_tracker' build argument 'cmake_force_configure' from command line to 'False'
[2.201s] Level 5:colcon.colcon_core.verb:set package 'ball_tracker' build argument 'ament_cmake_args' from command line to 'None'
[2.201s] Level 5:colcon.colcon_core.verb:set package 'ball_tracker' build argument 'catkin_cmake_args' from command line to 'None'
[2.201s] Level 5:colcon.colcon_core.verb:set package 'ball_tracker' build argument 'catkin_skip_building_tests' from command line to 'False'
[2.201s] DEBUG:colcon.colcon_core.verb:Building package 'ball_tracker' with the following arguments: {'ament_cmake_args': None, 'build_base': '/home/ubuntu/robot_ws/src/ball_tracker/build/ball_tracker', 'catkin_cmake_args': None, 'catkin_skip_building_tests': False, 'cmake_args': None, 'cmake_clean_cache': False, 'cmake_clean_first': False, 'cmake_force_configure': False, 'cmake_target': None, 'cmake_target_skip_unavailable': False, 'install_base': '/home/ubuntu/robot_ws/src/ball_tracker/install/ball_tracker', 'merge_install': False, 'path': '/home/ubuntu/robot_ws/src/ball_tracker', 'symlink_install': True, 'test_result_base': None}
[2.202s] INFO:colcon.colcon_core.executor:Executing jobs using 'parallel' executor
[2.206s] DEBUG:colcon.colcon_parallel_executor.executor.parallel:run_until_complete
[2.207s] INFO:colcon.colcon_ros.task.ament_python.build:Building ROS package in '/home/ubuntu/robot_ws/src/ball_tracker' with build type 'ament_python'
[2.207s] Level 1:colcon.colcon_core.shell:create_environment_hook('ball_tracker', 'ament_prefix_path')
[2.215s] INFO:colcon.colcon_core.plugin_system:Skipping extension 'colcon_core.shell.bat': Not used on non-Windows systems
[2.217s] INFO:colcon.colcon_core.shell:Creating environment hook '/home/ubuntu/robot_ws/src/ball_tracker/install/ball_tracker/share/ball_tracker/hook/ament_prefix_path.ps1'
[2.220s] INFO:colcon.colcon_core.shell:Creating environment descriptor '/home/ubuntu/robot_ws/src/ball_tracker/install/ball_tracker/share/ball_tracker/hook/ament_prefix_path.dsv'
[2.223s] INFO:colcon.colcon_core.shell:Creating environment hook '/home/ubuntu/robot_ws/src/ball_tracker/install/ball_tracker/share/ball_tracker/hook/ament_prefix_path.sh'
[2.227s] INFO:colcon.colcon_core.shell:Skip shell extension 'powershell' for command environment: Not usable outside of PowerShell
[2.228s] DEBUG:colcon.colcon_core.shell:Skip shell extension 'dsv' for command environment
[3.362s] INFO:colcon.colcon_core.task.python.build:Building Python package in '/home/ubuntu/robot_ws/src/ball_tracker'
[3.364s] INFO:colcon.colcon_core.shell:Skip shell extension 'powershell' for command environment: Not usable outside of PowerShell
[3.364s] DEBUG:colcon.colcon_core.shell:Skip shell extension 'dsv' for command environment
[5.219s] DEBUG:colcon.colcon_core.task.python.build:While undoing a previous installation files outside the Python library path are being ignored: /home/ubuntu/robot_ws/src/ball_tracker/install/ball_tracker/share/ament_index/resource_index/packages/ball_tracker
[5.220s] DEBUG:colcon.colcon_core.task.python.build:While undoing a previous installation files outside the Python library path are being ignored: /home/ubuntu/robot_ws/src/ball_tracker/install/ball_tracker/share/ball_tracker/package.xml
[5.220s] DEBUG:colcon.colcon_core.task.python.build:While undoing a previous installation files outside the Python library path are being ignored: /home/ubuntu/robot_ws/src/ball_tracker/install/ball_tracker/share/ball_tracker/launch/example_launch_include.launch.py
[5.220s] DEBUG:colcon.colcon_core.task.python.build:While undoing a previous installation files outside the Python library path are being ignored: /home/ubuntu/robot_ws/src/ball_tracker/install/ball_tracker/share/ball_tracker/launch/ball_tracker.launch.py
[5.220s] DEBUG:colcon.colcon_core.task.python.build:While undoing a previous installation files outside the Python library path are being ignored: /home/ubuntu/robot_ws/src/ball_tracker/install/ball_tracker/share/ball_tracker/config/ball_tracker_params_example.yaml
[5.221s] DEBUG:colcon.colcon_core.task.python.build:While undoing a previous installation files outside the Python library path are being ignored: /home/ubuntu/robot_ws/src/ball_tracker/install/ball_tracker/lib/ball_tracker/detect_ball
[5.222s] DEBUG:colcon.colcon_core.task.python.build:While undoing a previous installation files outside the Python library path are being ignored: /home/ubuntu/robot_ws/src/ball_tracker/install/ball_tracker/lib/ball_tracker/detect_ball_3d
[5.222s] DEBUG:colcon.colcon_core.task.python.build:While undoing a previous installation files outside the Python library path are being ignored: /home/ubuntu/robot_ws/src/ball_tracker/install/ball_tracker/lib/ball_tracker/follow_ball
[5.230s] DEBUG:colcon.colcon_core.event_handler.log_command:Invoking command in '/home/ubuntu/robot_ws/src/ball_tracker/build/ball_tracker': PYTHONPATH=/home/ubuntu/robot_ws/src/ball_tracker/build/ball_tracker/prefix_override:/usr/lib/python3/dist-packages/colcon_core/task/python/colcon_distutils_commands:/home/ubuntu/robot_ws/src/ball_tracker/install/ball_tracker/lib/python3.8/site-packages:${PYTHONPATH} /usr/bin/python3 -W ignore:setup.py install is deprecated -W ignore:easy_install command is deprecated setup.py develop --editable --build-directory /home/ubuntu/robot_ws/src/ball_tracker/build/ball_tracker/build --no-deps symlink_data --force
[7.653s] Level 1:colcon.colcon_core.shell:create_environment_hook('ball_tracker', 'pythonpath_develop')
[7.654s] INFO:colcon.colcon_core.shell:Creating environment hook '/home/ubuntu/robot_ws/src/ball_tracker/build/ball_tracker/share/ball_tracker/hook/pythonpath_develop.ps1'
[7.656s] DEBUG:colcon.colcon_core.event_handler.log_command:Invoked command in '/home/ubuntu/robot_ws/src/ball_tracker/build/ball_tracker' returned '0': PYTHONPATH=/home/ubuntu/robot_ws/src/ball_tracker/build/ball_tracker/prefix_override:/usr/lib/python3/dist-packages/colcon_core/task/python/colcon_distutils_commands:/home/ubuntu/robot_ws/src/ball_tracker/install/ball_tracker/lib/python3.8/site-packages:${PYTHONPATH} /usr/bin/python3 -W ignore:setup.py install is deprecated -W ignore:easy_install command is deprecated setup.py develop --editable --build-directory /home/ubuntu/robot_ws/src/ball_tracker/build/ball_tracker/build --no-deps symlink_data --force
[7.658s] INFO:colcon.colcon_core.shell:Creating environment descriptor '/home/ubuntu/robot_ws/src/ball_tracker/build/ball_tracker/share/ball_tracker/hook/pythonpath_develop.dsv'
[7.660s] INFO:colcon.colcon_core.shell:Creating environment hook '/home/ubuntu/robot_ws/src/ball_tracker/build/ball_tracker/share/ball_tracker/hook/pythonpath_develop.sh'
[7.674s] Level 1:colcon.colcon_core.environment:checking '/home/ubuntu/robot_ws/src/ball_tracker/install/ball_tracker' for CMake module files
[7.676s] Level 1:colcon.colcon_core.environment:checking '/home/ubuntu/robot_ws/src/ball_tracker/install/ball_tracker' for CMake config files
[7.682s] Level 1:colcon.colcon_core.environment:checking '/home/ubuntu/robot_ws/src/ball_tracker/install/ball_tracker/lib'
[7.683s] Level 1:colcon.colcon_core.environment:checking '/home/ubuntu/robot_ws/src/ball_tracker/install/ball_tracker/bin'
[7.683s] Level 1:colcon.colcon_core.environment:checking '/home/ubuntu/robot_ws/src/ball_tracker/install/ball_tracker/lib/pkgconfig/ball_tracker.pc'
[7.685s] Level 1:colcon.colcon_core.environment:checking '/home/ubuntu/robot_ws/src/ball_tracker/install/ball_tracker/lib/python3.8/site-packages'
[7.685s] Level 1:colcon.colcon_core.shell:create_environment_hook('ball_tracker', 'pythonpath')
[7.687s] INFO:colcon.colcon_core.shell:Creating environment hook '/home/ubuntu/robot_ws/src/ball_tracker/install/ball_tracker/share/ball_tracker/hook/pythonpath.ps1'
[7.690s] INFO:colcon.colcon_core.shell:Creating environment descriptor '/home/ubuntu/robot_ws/src/ball_tracker/install/ball_tracker/share/ball_tracker/hook/pythonpath.dsv'
[7.697s] INFO:colcon.colcon_core.shell:Creating environment hook '/home/ubuntu/robot_ws/src/ball_tracker/install/ball_tracker/share/ball_tracker/hook/pythonpath.sh'
[7.700s] Level 1:colcon.colcon_core.environment:checking '/home/ubuntu/robot_ws/src/ball_tracker/install/ball_tracker/bin'
[7.700s] Level 1:colcon.colcon_core.environment:create_environment_scripts_only(ball_tracker)
[7.702s] INFO:colcon.colcon_core.shell:Creating package script '/home/ubuntu/robot_ws/src/ball_tracker/install/ball_tracker/share/ball_tracker/package.ps1'
[7.705s] INFO:colcon.colcon_core.shell:Creating package descriptor '/home/ubuntu/robot_ws/src/ball_tracker/install/ball_tracker/share/ball_tracker/package.dsv'
[7.708s] INFO:colcon.colcon_core.shell:Creating package script '/home/ubuntu/robot_ws/src/ball_tracker/install/ball_tracker/share/ball_tracker/package.sh'
[7.712s] INFO:colcon.colcon_core.shell:Creating package script '/home/ubuntu/robot_ws/src/ball_tracker/install/ball_tracker/share/ball_tracker/package.bash'
[7.716s] INFO:colcon.colcon_core.shell:Creating package script '/home/ubuntu/robot_ws/src/ball_tracker/install/ball_tracker/share/ball_tracker/package.zsh'
[7.719s] Level 1:colcon.colcon_core.environment:create_file_with_runtime_dependencies(/home/ubuntu/robot_ws/src/ball_tracker/install/ball_tracker/share/colcon-core/packages/ball_tracker)
[7.720s] DEBUG:colcon.colcon_parallel_executor.executor.parallel:closing loop
[7.721s] DEBUG:colcon.colcon_parallel_executor.executor.parallel:loop closed
[7.722s] DEBUG:colcon.colcon_parallel_executor.executor.parallel:run_until_complete finished with '0'
[7.722s] DEBUG:colcon.colcon_core.event_reactor:joining thread
[7.750s] INFO:colcon.colcon_core.plugin_system:Skipping extension 'colcon_notification.desktop_notification.terminal_notifier': Not used on non-Darwin systems
[7.751s] INFO:colcon.colcon_core.plugin_system:Skipping extension 'colcon_notification.desktop_notification.win32': Not used on non-Windows systems
[7.752s] INFO:colcon.colcon_notification.desktop_notification:Sending desktop notification using 'notify2'
[7.815s] DEBUG:colcon.colcon_core.event_reactor:joined thread
[7.816s] INFO:colcon.colcon_core.shell:Creating prefix script '/home/ubuntu/robot_ws/src/ball_tracker/install/local_setup.ps1'
[7.821s] INFO:colcon.colcon_core.shell:Creating prefix util module '/home/ubuntu/robot_ws/src/ball_tracker/install/_local_setup_util_ps1.py'
[7.829s] INFO:colcon.colcon_core.shell:Creating prefix chain script '/home/ubuntu/robot_ws/src/ball_tracker/install/setup.ps1'
[7.836s] INFO:colcon.colcon_core.shell:Creating prefix script '/home/ubuntu/robot_ws/src/ball_tracker/install/local_setup.sh'
[7.840s] INFO:colcon.colcon_core.shell:Creating prefix util module '/home/ubuntu/robot_ws/src/ball_tracker/install/_local_setup_util_sh.py'
[7.843s] INFO:colcon.colcon_core.shell:Creating prefix chain script '/home/ubuntu/robot_ws/src/ball_tracker/install/setup.sh'
[7.851s] INFO:colcon.colcon_core.shell:Creating prefix script '/home/ubuntu/robot_ws/src/ball_tracker/install/local_setup.bash'
[7.856s] INFO:colcon.colcon_core.shell:Creating prefix chain script '/home/ubuntu/robot_ws/src/ball_tracker/install/setup.bash'
[7.865s] INFO:colcon.colcon_core.shell:Creating prefix script '/home/ubuntu/robot_ws/src/ball_tracker/install/local_setup.zsh'
[7.869s] INFO:colcon.colcon_core.shell:Creating prefix chain script '/home/ubuntu/robot_ws/src/ball_tracker/install/setup.zsh'
